2026-06-30T18:27:48Z INF Thank you for trying Cloudflare Tunnel. Doing so, without a Cloudflare account, is a quick way to experiment and try it out. However, be aware that these account-less Tunnels have no uptime guarantee, are subject to the Cloudflare Online Services Terms of Use (https://www.cloudflare.com/website-terms/), and Cloudflare reserves the right to investigate your use of Tunnels for violations of such terms. If you intend to use Tunnels in production you should use a pre-created named tunnel by following: https://developers.cloudflare.com/cloudflare-one/connections/connect-apps
2026-06-30T18:27:48Z INF Requesting new quick Tunnel on trycloudflare.com...
2026-06-30T18:27:53Z INF +--------------------------------------------------------------------------------------------+
2026-06-30T18:27:53Z INF |  Your quick Tunnel has been created! Visit it at (it may take some time to be reachable):  |
2026-06-30T18:27:53Z INF |  https://junction-principles-lightweight-newspapers.trycloudflare.com                      |
2026-06-30T18:27:53Z INF +--------------------------------------------------------------------------------------------+
2026-06-30T18:27:53Z INF Cannot determine default configuration path. No file [config.yml config.yaml] in [~/.cloudflared ~/.cloudflare-warp ~/cloudflare-warp]
2026-06-30T18:27:53Z INF Version 2026.6.1 (Checksum 5253e66f1f493c4e13539749f1aa86fd0c61e3072900fec29a44ba046a6d97e2)
2026-06-30T18:27:53Z INF GOOS: windows, GOVersion: go1.26.4, GoArch: amd64
2026-06-30T18:27:53Z INF Settings: map[ha-connections:1 no-autoupdate:true protocol:quic url:http://127.0.0.1:5000]
2026-06-30T18:27:53Z INF cloudflared will not automatically update on Windows systems.
2026-06-30T18:27:53Z INF Generated Connector ID: 5f4faa59-c158-4215-bfa0-b61beca6db4f
2026-06-30T18:27:53Z INF Initial protocol quic
2026-06-30T18:27:53Z INF ICMP proxy will use 10.112.57.170 as source for IPv4
2026-06-30T18:27:53Z INF ICMP proxy will use 2409:40d7:1505:fa76:6ef8:d07b:3f4a:4038 in zone Wi-Fi as source for IPv6
2026-06-30T18:27:54Z INF cloudflared does not support loading the system root certificate pool on Windows. Please use --origin-ca-pool <PATH> to specify the path to the certificate pool
2026-06-30T18:27:54Z INF ICMP proxy will use 10.112.57.170 as source for IPv4
2026-06-30T18:27:54Z INF Tunnel connection curve preferences: [X25519MLKEM768 CurveID(65074) CurveP256] connIndex=0 event=0 ip=2606:4700:a8::3
2026-06-30T18:27:54Z INF ICMP proxy will use 2409:40d7:1505:fa76:6ef8:d07b:3f4a:4038 in zone Wi-Fi as source for IPv6
2026-06-30T18:27:54Z INF Starting metrics server on 127.0.0.1:20241/metrics
2026-06-30T18:27:55Z INF +-------------------------------------------------------------------------------------+
2026-06-30T18:27:55Z INF |                               CONNECTIVITY PRE-CHECKS                               |
2026-06-30T18:27:55Z INF +-------------------------------------------------------------------------------------+
2026-06-30T18:27:55Z INF |  COMPONENT         TARGET                     STATUS  DETAILS                       |
2026-06-30T18:27:55Z INF |  DNS Resolution    region1.v2.argotunnel.com  PASS    DNS Resolved successfully     |
2026-06-30T18:27:55Z INF |  DNS Resolution    region2.v2.argotunnel.com  PASS    DNS Resolved successfully     |
2026-06-30T18:27:55Z INF |  UDP Connectivity  region1.v2.argotunnel.com  PASS    QUIC connection successful    |
2026-06-30T18:27:55Z INF |  UDP Connectivity  region2.v2.argotunnel.com  PASS    QUIC connection successful    |
2026-06-30T18:27:55Z INF |  TCP Connectivity  region1.v2.argotunnel.com  PASS    HTTP/2 connection successful  |
2026-06-30T18:27:55Z INF |  TCP Connectivity  region2.v2.argotunnel.com  PASS    HTTP/2 connection successful  |
2026-06-30T18:27:55Z INF |  Cloudflare API    api.cloudflare.com:443     PASS    API is reachable              |
2026-06-30T18:27:55Z INF |                                                                                     |
2026-06-30T18:27:55Z INF |  SUMMARY: Environment is healthy. cloudflared will use 'quic' as primary protocol.  |
2026-06-30T18:27:55Z INF +-------------------------------------------------------------------------------------+
2026-06-30T18:27:55Z INF precheck component="DNS Resolution" details="DNS Resolved successfully" run_id=37ebce8b-4362-43b4-875a-817b37bbbd22 status=pass target=region1.v2.argotunnel.com
2026-06-30T18:27:55Z INF precheck component="DNS Resolution" details="DNS Resolved successfully" run_id=37ebce8b-4362-43b4-875a-817b37bbbd22 status=pass target=region2.v2.argotunnel.com
2026-06-30T18:27:55Z INF precheck component="UDP Connectivity" details="QUIC connection successful" run_id=37ebce8b-4362-43b4-875a-817b37bbbd22 status=pass target=region1.v2.argotunnel.com
2026-06-30T18:27:55Z INF precheck component="UDP Connectivity" details="QUIC connection successful" run_id=37ebce8b-4362-43b4-875a-817b37bbbd22 status=pass target=region2.v2.argotunnel.com
2026-06-30T18:27:55Z INF precheck component="TCP Connectivity" details="HTTP/2 connection successful" run_id=37ebce8b-4362-43b4-875a-817b37bbbd22 status=pass target=region1.v2.argotunnel.com
2026-06-30T18:27:55Z INF precheck component="TCP Connectivity" details="HTTP/2 connection successful" run_id=37ebce8b-4362-43b4-875a-817b37bbbd22 status=pass target=region2.v2.argotunnel.com
2026-06-30T18:27:55Z INF precheck component="Cloudflare API" details="API is reachable" run_id=37ebce8b-4362-43b4-875a-817b37bbbd22 status=pass target=api.cloudflare.com:443
2026-06-30T18:27:55Z INF precheck complete hard_fail=false run_id=37ebce8b-4362-43b4-875a-817b37bbbd22 suggested_protocol=quic
2026-06-30T18:27:56Z INF Registered tunnel connection connIndex=0 connection=06258589-3cc5-4ad5-81eb-62056a9e4bc8 event=0 ip=2606:4700:a8::3 location=del04 protocol=quic
